Build started 09.07.2012 12:37:09.
     1>Project "D:\code\cadet\trunk\_2RealFramework\bundles\experimental\VideoTestSample\test\build\vc10\CameraCaptureTest.vcxproj" on node 3 (build target(s)).
     1>C:\Program Files (x86)\MSBuild\Microsoft.Cpp\v4.0\Microsoft.CppBuild.targets(299,5): warning MSB8004: Output Directory does not end with a trailing slash.  This build instance will add the slash as it is required to allow proper evaluation of the Output Directory.
     1>InitializeBuildStatus:
         Touching "Debug\CameraCaptureTest.unsuccessfulbuild".
       CustomBuild:
         All outputs are up-to-date.
       ClCompile:
         All outputs are up-to-date.
       Link:
         C:\Program Files (x86)\Microsoft Visual Studio 10.0\VC\bin\link.exe /ERRORREPORT:PROMPT /OUT:"D:\code\cadet\trunk\_2RealFramework\\bundles\test\\CameraCaptureTest.exe" /NOLOGO /LIBPATH:D:\sdk\QtSDK\Desktop\Qt\4.8.2\lib /LIBPATH:D:\code\cadet\externalLibs\poco\lib /LIBPATH:D:\code\cadet\trunk\_2RealFramework\\kernel\lib qtmaind.lib QtCored4.lib QtGuid4.lib QtOpenGLd4.lib opengl32.lib glu32.lib _2RealEngine_32d.lib kernel32.lib user32.lib gdi32.lib winspool.lib comdlg32.lib advapi32.lib shell32.lib ole32.lib oleaut32.lib uuid.lib odbc32.lib odbccp32.lib /MANIFEST /ManifestFile:"Debug\CameraCaptureTest.exe.intermediate.manifest" /MANIFESTUAC:"level='asInvoker' uiAccess='false'" /DEBUG /PDB:"D:\code\cadet\trunk\_2RealFramework\bundles\test\CameraCaptureTest.pdb" /SUBSYSTEM:CONSOLE /TLBID:1 /DYNAMICBASE /NXCOMPAT /IMPLIB:"D:\code\cadet\trunk\_2RealFramework\\bundles\test\CameraCaptureTest.lib" /MACHINE:X86 Debug\BlockInletWidget.obj
         Debug\BlockOutletWidget.obj
         Debug\BlockUnitTestWidget.obj
         Debug\main.obj
         Debug\moc_BlockInletWidget.obj
         Debug\moc_BlockOutletWidget.obj
         Debug\moc_BlockUnitTestWidget.obj
     1>_2RealEngine_32d.lib(_2RealAbstractIOManager.obj) : error LNK2005: "public: __thiscall _2Real::InletBuffer::~InletBuffer(void)" (??1InletBuffer@_2Real@@QAE@XZ) already defined in _2RealEngine_32d.lib(_2RealInletBuffer.obj)
     1>D:\code\cadet\trunk\_2RealFramework\\bundles\test\\CameraCaptureTest.exe : fatal error LNK1169: one or more multiply defined symbols found
     1>Done Building Project "D:\code\cadet\trunk\_2RealFramework\bundles\experimental\VideoTestSample\test\build\vc10\CameraCaptureTest.vcxproj" (build target(s)) -- FAILED.

Build FAILED.

Time Elapsed 00:00:00.42
